<?xml version="1.0" encoding="UTF-8"?>
<coverage generated="1519715375922" clover="3.2.0">
  <project timestamp="1519715375922" name="All files">
    <metrics statements="168" coveredstatements="100" conditionals="97" coveredconditionals="53" methods="41" coveredmethods="28" elements="306" coveredelements="181" complexity="0" loc="168" ncloc="168" packages="1" files="2" classes="2">
      <file name="event.js" path="/Users/wanglei/platform/workspace/websocket/src/event.js">
        <metrics statements="57" coveredstatements="57" conditionals="35" coveredconditionals="35" methods="20" coveredmethods="20"/>
        <line num="3" count="8" type="stmt"/>
        <line num="4" count="8" type="stmt"/>
        <line num="15" count="25" type="stmt"/>
        <line num="26" count="4" type="stmt"/>
        <line num="37" count="10" type="stmt"/>
        <line num="38" count="10" type="stmt"/>
        <line num="39" count="14" type="stmt"/>
        <line num="40" count="14" type="stmt"/>
        <line num="41" count="12" type="stmt"/>
        <line num="44" count="10" type="stmt"/>
        <line num="54" count="5" type="stmt"/>
        <line num="64" count="6" type="stmt"/>
        <line num="68" count="29" type="stmt"/>
        <line num="69" count="29" type="cond" truecount="4" falsecount="0"/>
        <line num="70" count="28" type="stmt"/>
        <line num="71" count="28" type="stmt"/>
        <line num="72" count="28" type="stmt"/>
        <line num="73" count="28" type="stmt"/>
        <line num="74" count="6" type="stmt"/>
        <line num="77" count="28" type="stmt"/>
        <line num="78" count="42" type="cond" truecount="4" falsecount="0"/>
        <line num="79" count="41" type="stmt"/>
        <line num="80" count="52" type="cond" truecount="2" falsecount="0"/>
        <line num="81" count="4" type="stmt"/>
        <line num="82" count="4" type="stmt"/>
        <line num="83" count="48" type="cond" truecount="2" falsecount="0"/>
        <line num="84" count="33" type="stmt"/>
        <line num="90" count="28" type="stmt"/>
        <line num="103" count="21" type="stmt"/>
        <line num="106" count="21" type="cond" truecount="2" falsecount="0"/>
        <line num="107" count="17" type="stmt"/>
        <line num="108" count="19" type="cond" truecount="4" falsecount="0"/>
        <line num="109" count="18" type="stmt"/>
        <line num="113" count="4" type="stmt"/>
        <line num="114" count="15" type="stmt"/>
        <line num="118" count="21" type="stmt"/>
        <line num="120" count="21" type="cond" truecount="2" falsecount="0"/>
        <line num="122" count="20" type="cond" truecount="4" falsecount="0"/>
        <line num="123" count="10" type="stmt"/>
        <line num="124" count="12" type="stmt"/>
        <line num="125" count="19" type="stmt"/>
        <line num="130" count="20" type="cond" truecount="2" falsecount="0"/>
        <line num="131" count="4" type="stmt"/>
        <line num="132" count="5" type="stmt"/>
        <line num="133" count="6" type="stmt"/>
        <line num="138" count="20" type="stmt"/>
        <line num="143" count="11" type="stmt"/>
        <line num="144" count="11" type="stmt"/>
        <line num="145" count="19" type="stmt"/>
        <line num="146" count="24" type="stmt"/>
        <line num="150" count="11" type="stmt"/>
        <line num="163" count="29" type="cond" truecount="5" falsecount="0"/>
        <line num="164" count="25" type="stmt"/>
        <line num="165" count="25" type="cond" truecount="2" falsecount="0"/>
        <line num="166" count="25" type="stmt"/>
        <line num="172" count="25" type="stmt"/>
        <line num="174" count="25" type="stmt"/>
      </file>
      <file name="index.js" path="/Users/wanglei/platform/workspace/websocket/src/index.js">
        <metrics statements="111" coveredstatements="43" conditionals="62" coveredconditionals="18" methods="21" coveredmethods="8"/>
        <line num="3" count="1" type="stmt"/>
        <line num="27" count="1" type="stmt"/>
        <line num="28" count="1" type="cond" truecount="1" falsecount="1"/>
        <line num="29" count="0" type="stmt"/>
        <line num="30" count="0" type="stmt"/>
        <line num="33" count="1" type="stmt"/>
        <line num="35" count="1" type="stmt"/>
        <line num="37" count="1" type="stmt"/>
        <line num="39" count="1" type="stmt"/>
        <line num="41" count="1" type="stmt"/>
        <line num="43" count="1" type="stmt"/>
        <line num="45" count="1" type="stmt"/>
        <line num="47" count="1" type="stmt"/>
        <line num="49" count="1" type="stmt"/>
        <line num="52" count="1" type="cond" truecount="1" falsecount="1"/>
        <line num="53" count="1" type="stmt"/>
        <line num="58" count="1" type="cond" truecount="1" falsecount="1"/>
        <line num="60" count="1" type="stmt"/>
        <line num="61" count="11" type="cond" truecount="2" falsecount="0"/>
        <line num="62" count="1" type="stmt"/>
        <line num="63" count="10" type="cond" truecount="1" falsecount="1"/>
        <line num="64" count="10" type="stmt"/>
        <line num="70" count="0" type="stmt"/>
        <line num="71" count="0" type="stmt"/>
        <line num="75" count="0" type="cond" truecount="0" falsecount="2"/>
        <line num="76" count="0" type="stmt"/>
        <line num="82" count="1" type="cond" truecount="3" falsecount="1"/>
        <line num="83" count="1" type="stmt"/>
        <line num="84" count="1" type="stmt"/>
        <line num="86" count="0" type="stmt"/>
        <line num="87" count="0" type="stmt"/>
        <line num="91" count="1" type="cond" truecount="1" falsecount="1"/>
        <line num="92" count="0" type="cond" truecount="0" falsecount="2"/>
        <line num="95" count="0" type="stmt"/>
        <line num="97" count="1" type="stmt"/>
        <line num="101" count="1" type="stmt"/>
        <line num="102" count="1" type="stmt"/>
        <line num="105" count="1" type="stmt"/>
        <line num="106" count="0" type="stmt"/>
        <line num="107" count="0" type="stmt"/>
        <line num="108" count="0" type="stmt"/>
        <line num="109" count="0" type="stmt"/>
        <line num="113" count="1" type="stmt"/>
        <line num="118" count="0" type="cond" truecount="0" falsecount="2"/>
        <line num="119" count="0" type="stmt"/>
        <line num="120" count="0" type="stmt"/>
        <line num="122" count="0" type="stmt"/>
        <line num="128" count="0" type="cond" truecount="0" falsecount="2"/>
        <line num="129" count="0" type="stmt"/>
        <line num="130" count="0" type="stmt"/>
        <line num="131" count="0" type="cond" truecount="0" falsecount="2"/>
        <line num="133" count="0" type="stmt"/>
        <line num="134" count="0" type="stmt"/>
        <line num="136" count="0" type="stmt"/>
        <line num="140" count="0" type="stmt"/>
        <line num="141" count="0" type="stmt"/>
        <line num="142" count="0" type="stmt"/>
        <line num="144" count="0" type="stmt"/>
        <line num="148" count="0" type="cond" truecount="0" falsecount="2"/>
        <line num="149" count="0" type="stmt"/>
        <line num="150" count="0" type="cond" truecount="0" falsecount="2"/>
        <line num="151" count="0" type="stmt"/>
        <line num="156" count="0" type="cond" truecount="0" falsecount="2"/>
        <line num="157" count="0" type="stmt"/>
        <line num="158" count="0" type="stmt"/>
        <line num="164" count="1" type="stmt"/>
        <line num="165" count="0" type="stmt"/>
        <line num="166" count="0" type="stmt"/>
        <line num="167" count="0" type="stmt"/>
        <line num="168" count="0" type="stmt"/>
        <line num="169" count="0" type="stmt"/>
        <line num="170" count="0" type="stmt"/>
        <line num="173" count="1" type="stmt"/>
        <line num="174" count="0" type="stmt"/>
        <line num="175" count="0" type="stmt"/>
        <line num="176" count="0" type="cond" truecount="0" falsecount="2"/>
        <line num="177" count="0" type="stmt"/>
        <line num="178" count="0" type="cond" truecount="0" falsecount="2"/>
        <line num="180" count="0" type="stmt"/>
        <line num="184" count="0" type="cond" truecount="0" falsecount="4"/>
        <line num="185" count="0" type="stmt"/>
        <line num="188" count="0" type="cond" truecount="0" falsecount="2"/>
        <line num="191" count="0" type="stmt"/>
        <line num="192" count="0" type="stmt"/>
        <line num="193" count="0" type="stmt"/>
        <line num="194" count="0" type="stmt"/>
        <line num="199" count="1" type="stmt"/>
        <line num="200" count="0" type="stmt"/>
        <line num="201" count="0" type="stmt"/>
        <line num="202" count="0" type="cond" truecount="0" falsecount="2"/>
        <line num="203" count="0" type="stmt"/>
        <line num="204" count="0" type="stmt"/>
        <line num="205" count="0" type="cond" truecount="0" falsecount="2"/>
        <line num="206" count="0" type="stmt"/>
        <line num="209" count="0" type="stmt"/>
        <line num="214" count="1" type="stmt"/>
        <line num="215" count="0" type="stmt"/>
        <line num="216" count="0" type="stmt"/>
        <line num="221" count="1" type="stmt"/>
        <line num="222" count="1" type="cond" truecount="1" falsecount="1"/>
        <line num="223" count="0" type="stmt"/>
        <line num="224" count="0" type="stmt"/>
        <line num="229" count="2" type="cond" truecount="2" falsecount="0"/>
        <line num="232" count="1" type="stmt"/>
        <line num="233" count="2" type="stmt"/>
        <line num="236" count="2" type="cond" truecount="4" falsecount="0"/>
        <line num="237" count="1" type="stmt"/>
        <line num="239" count="1" type="stmt"/>
        <line num="240" count="1" type="cond" truecount="1" falsecount="1"/>
        <line num="241" count="0" type="stmt"/>
        <line num="244" count="1" type="stmt"/>
      </file>
    </metrics>
  </project>
</coverage>
