{"/Users/wanglei/platform/workspace/websocket/src/event.js": {"path":"/Users/wanglei/platform/workspace/websocket/src/event.js","statementMap":{"0":{"start":{"line":3,"column":4},"end":{"line":3,"column":21}},"1":{"start":{"line":4,"column":4},"end":{"line":4,"column":19}},"2":{"start":{"line":15,"column":4},"end":{"line":15,"column":50}},"3":{"start":{"line":26,"column":4},"end":{"line":26,"column":49}},"4":{"start":{"line":37,"column":17},"end":{"line":37,"column":47}},"5":{"start":{"line":38,"column":4},"end":{"line":43,"column":5}},"6":{"start":{"line":39,"column":14},"end":{"line":39,"column":31}},"7":{"start":{"line":40,"column":6},"end":{"line":42,"column":8}},"8":{"start":{"line":41,"column":8},"end":{"line":41,"column":36}},"9":{"start":{"line":44,"column":4},"end":{"line":44,"column":15}},"10":{"start":{"line":54,"column":4},"end":{"line":54,"column":52}},"11":{"start":{"line":64,"column":4},"end":{"line":64,"column":53}},"12":{"start":{"line":68,"column":16},"end":{"line":68,"column":20}},"13":{"start":{"line":69,"column":4},"end":{"line":69,"column":54}},"14":{"start":{"line":69,"column":43},"end":{"line":69,"column":54}},"15":{"start":{"line":70,"column":14},"end":{"line":70,"column":30}},"16":{"start":{"line":71,"column":15},"end":{"line":71,"column":17}},"17":{"start":{"line":72,"column":10},"end":{"line":72,"column":11}},"18":{"start":{"line":73,"column":4},"end":{"line":75,"column":5}},"19":{"start":{"line":74,"column":6},"end":{"line":74,"column":31}},"20":{"start":{"line":77,"column":4},"end":{"line":88,"column":6}},"21":{"start":{"line":78,"column":6},"end":{"line":87,"column":7}},"22":{"start":{"line":79,"column":8},"end":{"line":86,"column":10}},"23":{"start":{"line":80,"column":10},"end":{"line":85,"column":11}},"24":{"start":{"line":81,"column":12},"end":{"line":81,"column":47}},"25":{"start":{"line":82,"column":12},"end":{"line":82,"column":53}},"26":{"start":{"line":83,"column":17},"end":{"line":85,"column":11}},"27":{"start":{"line":84,"column":12},"end":{"line":84,"column":47}},"28":{"start":{"line":90,"column":4},"end":{"line":90,"column":15}},"29":{"start":{"line":103,"column":15},"end":{"line":103,"column":17}},"30":{"start":{"line":106,"column":2},"end":{"line":116,"column":3}},"31":{"start":{"line":107,"column":4},"end":{"line":111,"column":6}},"32":{"start":{"line":108,"column":6},"end":{"line":110,"column":7}},"33":{"start":{"line":109,"column":8},"end":{"line":109,"column":43}},"34":{"start":{"line":113,"column":4},"end":{"line":115,"column":5}},"35":{"start":{"line":114,"column":6},"end":{"line":114,"column":37}},"36":{"start":{"line":118,"column":13},"end":{"line":118,"column":32}},"37":{"start":{"line":120,"column":2},"end":{"line":120,"column":38}},"38":{"start":{"line":120,"column":25},"end":{"line":120,"column":38}},"39":{"start":{"line":122,"column":2},"end":{"line":128,"column":3}},"40":{"start":{"line":123,"column":4},"end":{"line":127,"column":6}},"41":{"start":{"line":124,"column":6},"end":{"line":126,"column":8}},"42":{"start":{"line":125,"column":8},"end":{"line":125,"column":26}},"43":{"start":{"line":130,"column":2},"end":{"line":136,"column":3}},"44":{"start":{"line":131,"column":4},"end":{"line":135,"column":6}},"45":{"start":{"line":132,"column":6},"end":{"line":134,"column":8}},"46":{"start":{"line":133,"column":8},"end":{"line":133,"column":28}},"47":{"start":{"line":138,"column":2},"end":{"line":138,"column":15}},"48":{"start":{"line":143,"column":15},"end":{"line":143,"column":45}},"49":{"start":{"line":144,"column":2},"end":{"line":148,"column":3}},"50":{"start":{"line":145,"column":4},"end":{"line":147,"column":6}},"51":{"start":{"line":146,"column":6},"end":{"line":146,"column":24}},"52":{"start":{"line":150,"column":2},"end":{"line":150,"column":13}},"53":{"start":{"line":163,"column":2},"end":{"line":163,"column":80}},"54":{"start":{"line":163,"column":69},"end":{"line":163,"column":80}},"55":{"start":{"line":164,"column":2},"end":{"line":173,"column":4}},"56":{"start":{"line":165,"column":19},"end":{"line":165,"column":44}},"57":{"start":{"line":166,"column":4},"end":{"line":171,"column":6}},"58":{"start":{"line":172,"column":4},"end":{"line":172,"column":34}},"59":{"start":{"line":174,"column":2},"end":{"line":174,"column":13}}},"fnMap":{"0":{"name":"(anonymous_0)","decl":{"start":{"line":2,"column":2},"end":{"line":2,"column":3}},"loc":{"start":{"line":2,"column":20},"end":{"line":5,"column":3}},"line":2},"1":{"name":"(anonymous_1)","decl":{"start":{"line":14,"column":2},"end":{"line":14,"column":3}},"loc":{"start":{"line":14,"column":21},"end":{"line":16,"column":3}},"line":14},"2":{"name":"(anonymous_2)","decl":{"start":{"line":25,"column":2},"end":{"line":25,"column":3}},"loc":{"start":{"line":25,"column":23},"end":{"line":27,"column":3}},"line":25},"3":{"name":"(anonymous_3)","decl":{"start":{"line":36,"column":2},"end":{"line":36,"column":3}},"loc":{"start":{"line":36,"column":22},"end":{"line":45,"column":3}},"line":36},"4":{"name":"(anonymous_4)","decl":{"start":{"line":40,"column":34},"end":{"line":40,"column":35}},"loc":{"start":{"line":40,"column":50},"end":{"line":42,"column":7}},"line":40},"5":{"name":"(anonymous_5)","decl":{"start":{"line":53,"column":2},"end":{"line":53,"column":3}},"loc":{"start":{"line":53,"column":24},"end":{"line":55,"column":3}},"line":53},"6":{"name":"(anonymous_6)","decl":{"start":{"line":63,"column":2},"end":{"line":63,"column":3}},"loc":{"start":{"line":63,"column":25},"end":{"line":65,"column":3}},"line":63},"7":{"name":"(anonymous_7)","decl":{"start":{"line":67,"column":2},"end":{"line":67,"column":3}},"loc":{"start":{"line":67,"column":14},"end":{"line":91,"column":3}},"line":67},"8":{"name":"(anonymous_8)","decl":{"start":{"line":77,"column":30},"end":{"line":77,"column":31}},"loc":{"start":{"line":77,"column":47},"end":{"line":88,"column":5}},"line":77},"9":{"name":"(anonymous_9)","decl":{"start":{"line":79,"column":45},"end":{"line":79,"column":46}},"loc":{"start":{"line":79,"column":64},"end":{"line":86,"column":9}},"line":79},"10":{"name":"eventsApi","decl":{"start":{"line":102,"column":9},"end":{"line":102,"column":18}},"loc":{"start":{"line":102,"column":41},"end":{"line":139,"column":1}},"line":102},"11":{"name":"(anonymous_11)","decl":{"start":{"line":107,"column":30},"end":{"line":107,"column":31}},"loc":{"start":{"line":107,"column":47},"end":{"line":111,"column":5}},"line":107},"12":{"name":"(anonymous_12)","decl":{"start":{"line":123,"column":17},"end":{"line":123,"column":18}},"loc":{"start":{"line":123,"column":32},"end":{"line":127,"column":5}},"line":123},"13":{"name":"(anonymous_13)","decl":{"start":{"line":124,"column":39},"end":{"line":124,"column":40}},"loc":{"start":{"line":124,"column":52},"end":{"line":126,"column":7}},"line":124},"14":{"name":"(anonymous_14)","decl":{"start":{"line":131,"column":17},"end":{"line":131,"column":18}},"loc":{"start":{"line":131,"column":32},"end":{"line":135,"column":5}},"line":131},"15":{"name":"(anonymous_15)","decl":{"start":{"line":132,"column":39},"end":{"line":132,"column":40}},"loc":{"start":{"line":132,"column":52},"end":{"line":134,"column":7}},"line":132},"16":{"name":"eventsPauseApi","decl":{"start":{"line":142,"column":9},"end":{"line":142,"column":23}},"loc":{"start":{"line":142,"column":53},"end":{"line":151,"column":1}},"line":142},"17":{"name":"(anonymous_17)","decl":{"start":{"line":145,"column":24},"end":{"line":145,"column":25}},"loc":{"start":{"line":145,"column":40},"end":{"line":147,"column":5}},"line":145},"18":{"name":"eventsOnApi","decl":{"start":{"line":162,"column":9},"end":{"line":162,"column":20}},"loc":{"start":{"line":162,"column":49},"end":{"line":175,"column":1}},"line":162},"19":{"name":"(anonymous_19)","decl":{"start":{"line":164,"column":28},"end":{"line":164,"column":29}},"loc":{"start":{"line":164,"column":45},"end":{"line":173,"column":3}},"line":164}},"branchMap":{"0":{"loc":{"start":{"line":69,"column":4},"end":{"line":69,"column":54}},"type":"if","locations":[{"start":{"line":69,"column":4},"end":{"line":69,"column":54}},{"start":{"line":69,"column":4},"end":{"line":69,"column":54}}],"line":69},"1":{"loc":{"start":{"line":69,"column":8},"end":{"line":69,"column":41}},"type":"binary-expr","locations":[{"start":{"line":69,"column":8},"end":{"line":69,"column":13}},{"start":{"line":69,"column":17},"end":{"line":69,"column":41}}],"line":69},"2":{"loc":{"start":{"line":78,"column":6},"end":{"line":87,"column":7}},"type":"if","locations":[{"start":{"line":78,"column":6},"end":{"line":87,"column":7}},{"start":{"line":78,"column":6},"end":{"line":87,"column":7}}],"line":78},"3":{"loc":{"start":{"line":78,"column":10},"end":{"line":78,"column":39}},"type":"binary-expr","locations":[{"start":{"line":78,"column":10},"end":{"line":78,"column":15}},{"start":{"line":78,"column":19},"end":{"line":78,"column":39}}],"line":78},"4":{"loc":{"start":{"line":80,"column":10},"end":{"line":85,"column":11}},"type":"if","locations":[{"start":{"line":80,"column":10},"end":{"line":85,"column":11}},{"start":{"line":80,"column":10},"end":{"line":85,"column":11}}],"line":80},"5":{"loc":{"start":{"line":83,"column":17},"end":{"line":85,"column":11}},"type":"if","locations":[{"start":{"line":83,"column":17},"end":{"line":85,"column":11}},{"start":{"line":83,"column":17},"end":{"line":85,"column":11}}],"line":83},"6":{"loc":{"start":{"line":106,"column":2},"end":{"line":116,"column":3}},"type":"if","locations":[{"start":{"line":106,"column":2},"end":{"line":116,"column":3}},{"start":{"line":106,"column":2},"end":{"line":116,"column":3}}],"line":106},"7":{"loc":{"start":{"line":108,"column":6},"end":{"line":110,"column":7}},"type":"if","locations":[{"start":{"line":108,"column":6},"end":{"line":110,"column":7}},{"start":{"line":108,"column":6},"end":{"line":110,"column":7}}],"line":108},"8":{"loc":{"start":{"line":108,"column":10},"end":{"line":108,"column":38}},"type":"binary-expr","locations":[{"start":{"line":108,"column":10},"end":{"line":108,"column":15}},{"start":{"line":108,"column":19},"end":{"line":108,"column":38}}],"line":108},"9":{"loc":{"start":{"line":120,"column":2},"end":{"line":120,"column":38}},"type":"if","locations":[{"start":{"line":120,"column":2},"end":{"line":120,"column":38}},{"start":{"line":120,"column":2},"end":{"line":120,"column":38}}],"line":120},"10":{"loc":{"start":{"line":122,"column":2},"end":{"line":128,"column":3}},"type":"if","locations":[{"start":{"line":122,"column":2},"end":{"line":128,"column":3}},{"start":{"line":122,"column":2},"end":{"line":128,"column":3}}],"line":122},"11":{"loc":{"start":{"line":122,"column":6},"end":{"line":122,"column":36}},"type":"binary-expr","locations":[{"start":{"line":122,"column":6},"end":{"line":122,"column":8}},{"start":{"line":122,"column":12},"end":{"line":122,"column":36}}],"line":122},"12":{"loc":{"start":{"line":130,"column":2},"end":{"line":136,"column":3}},"type":"if","locations":[{"start":{"line":130,"column":2},"end":{"line":136,"column":3}},{"start":{"line":130,"column":2},"end":{"line":136,"column":3}}],"line":130},"13":{"loc":{"start":{"line":163,"column":2},"end":{"line":163,"column":80}},"type":"if","locations":[{"start":{"line":163,"column":2},"end":{"line":163,"column":80}},{"start":{"line":163,"column":2},"end":{"line":163,"column":80}}],"line":163},"14":{"loc":{"start":{"line":163,"column":6},"end":{"line":163,"column":67}},"type":"binary-expr","locations":[{"start":{"line":163,"column":6},"end":{"line":163,"column":11}},{"start":{"line":163,"column":15},"end":{"line":163,"column":39}},{"start":{"line":163,"column":43},"end":{"line":163,"column":67}}],"line":163},"15":{"loc":{"start":{"line":165,"column":19},"end":{"line":165,"column":44}},"type":"binary-expr","locations":[{"start":{"line":165,"column":19},"end":{"line":165,"column":38}},{"start":{"line":165,"column":42},"end":{"line":165,"column":44}}],"line":165},"16":{"loc":{"start":{"line":168,"column":11},"end":{"line":168,"column":27}},"type":"binary-expr","locations":[{"start":{"line":168,"column":11},"end":{"line":168,"column":14}},{"start":{"line":168,"column":18},"end":{"line":168,"column":27}}],"line":168}},"s":{"0":8,"1":8,"2":25,"3":4,"4":10,"5":10,"6":14,"7":14,"8":12,"9":10,"10":5,"11":6,"12":29,"13":29,"14":1,"15":28,"16":28,"17":28,"18":28,"19":6,"20":28,"21":42,"22":41,"23":52,"24":4,"25":4,"26":48,"27":33,"28":28,"29":21,"30":21,"31":17,"32":19,"33":18,"34":4,"35":15,"36":21,"37":21,"38":1,"39":20,"40":10,"41":12,"42":19,"43":20,"44":4,"45":5,"46":6,"47":20,"48":11,"49":11,"50":19,"51":24,"52":11,"53":29,"54":4,"55":25,"56":25,"57":25,"58":25,"59":25},"f":{"0":8,"1":25,"2":4,"3":10,"4":12,"5":5,"6":6,"7":29,"8":42,"9":52,"10":21,"11":19,"12":12,"13":19,"14":5,"15":6,"16":11,"17":24,"18":29,"19":25},"b":{"0":[1,28],"1":[29,28],"2":[41,1],"3":[42,42],"4":[4,48],"5":[33,15],"6":[17,4],"7":[18,1],"8":[19,19],"9":[1,20],"10":[10,10],"11":[20,10],"12":[4,16],"13":[4,25],"14":[29,28,25],"15":[25,18],"16":[25,19]},"_coverageSchema":"332fd63041d2c1bcb487cc26dd0d5f7d97098a6c","hash":"7d24879fb6138b4e24d0965ca0fba44803b2a6a0"}
,"/Users/wanglei/platform/workspace/websocket/src/index.js": {"path":"/Users/wanglei/platform/workspace/websocket/src/index.js","statementMap":{"0":{"start":{"line":3,"column":17},"end":{"line":23,"column":1}},"1":{"start":{"line":27,"column":4},"end":{"line":27,"column":11}},"2":{"start":{"line":28,"column":4},"end":{"line":31,"column":5}},"3":{"start":{"line":29,"column":6},"end":{"line":29,"column":25}},"4":{"start":{"line":30,"column":6},"end":{"line":30,"column":22}},"5":{"start":{"line":33,"column":4},"end":{"line":33,"column":27}},"6":{"start":{"line":35,"column":4},"end":{"line":35,"column":18}},"7":{"start":{"line":37,"column":4},"end":{"line":37,"column":30}},"8":{"start":{"line":39,"column":4},"end":{"line":39,"column":24}},"9":{"start":{"line":41,"column":4},"end":{"line":41,"column":18}},"10":{"start":{"line":43,"column":4},"end":{"line":43,"column":28}},"11":{"start":{"line":45,"column":4},"end":{"line":45,"column":22}},"12":{"start":{"line":47,"column":4},"end":{"line":47,"column":30}},"13":{"start":{"line":49,"column":4},"end":{"line":49,"column":19}},"14":{"start":{"line":52,"column":4},"end":{"line":54,"column":5}},"15":{"start":{"line":53,"column":6},"end":{"line":53,"column":22}},"16":{"start":{"line":58,"column":4},"end":{"line":58,"column":39}},"17":{"start":{"line":58,"column":33},"end":{"line":58,"column":39}},"18":{"start":{"line":60,"column":4},"end":{"line":66,"column":5}},"19":{"start":{"line":61,"column":6},"end":{"line":65,"column":7}},"20":{"start":{"line":62,"column":8},"end":{"line":62,"column":32}},"21":{"start":{"line":63,"column":13},"end":{"line":65,"column":7}},"22":{"start":{"line":64,"column":8},"end":{"line":64,"column":33}},"23":{"start":{"line":70,"column":4},"end":{"line":70,"column":27}},"24":{"start":{"line":71,"column":4},"end":{"line":71,"column":20}},"25":{"start":{"line":75,"column":4},"end":{"line":77,"column":5}},"26":{"start":{"line":76,"column":6},"end":{"line":76,"column":31}},"27":{"start":{"line":82,"column":4},"end":{"line":82,"column":39}},"28":{"start":{"line":82,"column":33},"end":{"line":82,"column":39}},"29":{"start":{"line":83,"column":4},"end":{"line":88,"column":5}},"30":{"start":{"line":84,"column":6},"end":{"line":84,"column":55}},"31":{"start":{"line":86,"column":6},"end":{"line":86,"column":27}},"32":{"start":{"line":87,"column":6},"end":{"line":87,"column":13}},"33":{"start":{"line":91,"column":4},"end":{"line":98,"column":5}},"34":{"start":{"line":92,"column":6},"end":{"line":95,"column":18}},"35":{"start":{"line":95,"column":10},"end":{"line":95,"column":16}},"36":{"start":{"line":97,"column":6},"end":{"line":97,"column":32}},"37":{"start":{"line":101,"column":4},"end":{"line":101,"column":27}},"38":{"start":{"line":102,"column":4},"end":{"line":102,"column":32}},"39":{"start":{"line":105,"column":4},"end":{"line":110,"column":28}},"40":{"start":{"line":106,"column":6},"end":{"line":106,"column":37}},"41":{"start":{"line":107,"column":6},"end":{"line":107,"column":31}},"42":{"start":{"line":108,"column":6},"end":{"line":108,"column":21}},"43":{"start":{"line":109,"column":6},"end":{"line":109,"column":32}},"44":{"start":{"line":113,"column":4},"end":{"line":113,"column":48}},"45":{"start":{"line":118,"column":4},"end":{"line":123,"column":5}},"46":{"start":{"line":119,"column":6},"end":{"line":119,"column":36}},"47":{"start":{"line":120,"column":6},"end":{"line":120,"column":31}},"48":{"start":{"line":122,"column":6},"end":{"line":122,"column":45}},"49":{"start":{"line":128,"column":4},"end":{"line":135,"column":5}},"50":{"start":{"line":129,"column":6},"end":{"line":129,"column":50}},"51":{"start":{"line":130,"column":6},"end":{"line":130,"column":14}},"52":{"start":{"line":131,"column":11},"end":{"line":135,"column":5}},"53":{"start":{"line":133,"column":6},"end":{"line":133,"column":56}},"54":{"start":{"line":134,"column":6},"end":{"line":134,"column":30}},"55":{"start":{"line":136,"column":4},"end":{"line":136,"column":13}},"56":{"start":{"line":140,"column":18},"end":{"line":140,"column":28}},"57":{"start":{"line":141,"column":4},"end":{"line":143,"column":5}},"58":{"start":{"line":142,"column":6},"end":{"line":142,"column":25}},"59":{"start":{"line":144,"column":4},"end":{"line":144,"column":19}},"60":{"start":{"line":148,"column":4},"end":{"line":148,"column":28}},"61":{"start":{"line":148,"column":22},"end":{"line":148,"column":28}},"62":{"start":{"line":149,"column":4},"end":{"line":149,"column":27}},"63":{"start":{"line":150,"column":4},"end":{"line":152,"column":5}},"64":{"start":{"line":151,"column":6},"end":{"line":151,"column":33}},"65":{"start":{"line":156,"column":4},"end":{"line":159,"column":5}},"66":{"start":{"line":157,"column":6},"end":{"line":157,"column":25}},"67":{"start":{"line":158,"column":6},"end":{"line":158,"column":27}},"68":{"start":{"line":164,"column":2},"end":{"line":171,"column":3}},"69":{"start":{"line":165,"column":4},"end":{"line":165,"column":27}},"70":{"start":{"line":166,"column":4},"end":{"line":166,"column":19}},"71":{"start":{"line":167,"column":4},"end":{"line":167,"column":30}},"72":{"start":{"line":168,"column":4},"end":{"line":168,"column":29}},"73":{"start":{"line":169,"column":4},"end":{"line":169,"column":22}},"74":{"start":{"line":170,"column":4},"end":{"line":170,"column":14}},"75":{"start":{"line":173,"column":2},"end":{"line":197,"column":3}},"76":{"start":{"line":174,"column":4},"end":{"line":174,"column":27}},"77":{"start":{"line":175,"column":4},"end":{"line":175,"column":16}},"78":{"start":{"line":176,"column":4},"end":{"line":196,"column":5}},"79":{"start":{"line":177,"column":6},"end":{"line":177,"column":25}},"80":{"start":{"line":178,"column":6},"end":{"line":181,"column":7}},"81":{"start":{"line":180,"column":8},"end":{"line":180,"column":23}},"82":{"start":{"line":184,"column":6},"end":{"line":186,"column":7}},"83":{"start":{"line":185,"column":8},"end":{"line":185,"column":27}},"84":{"start":{"line":188,"column":6},"end":{"line":188,"column":40}},"85":{"start":{"line":188,"column":34},"end":{"line":188,"column":40}},"86":{"start":{"line":191,"column":8},"end":{"line":191,"column":80}},"87":{"start":{"line":192,"column":6},"end":{"line":195,"column":79}},"88":{"start":{"line":193,"column":8},"end":{"line":193,"column":30}},"89":{"start":{"line":194,"column":8},"end":{"line":194,"column":21}},"90":{"start":{"line":199,"column":2},"end":{"line":212,"column":3}},"91":{"start":{"line":200,"column":4},"end":{"line":200,"column":34}},"92":{"start":{"line":201,"column":4},"end":{"line":201,"column":30}},"93":{"start":{"line":202,"column":4},"end":{"line":211,"column":5}},"94":{"start":{"line":203,"column":6},"end":{"line":210,"column":7}},"95":{"start":{"line":204,"column":21},"end":{"line":204,"column":39}},"96":{"start":{"line":205,"column":8},"end":{"line":207,"column":9}},"97":{"start":{"line":206,"column":10},"end":{"line":206,"column":42}},"98":{"start":{"line":209,"column":8},"end":{"line":209,"column":48}},"99":{"start":{"line":214,"column":2},"end":{"line":217,"column":3}},"100":{"start":{"line":215,"column":4},"end":{"line":215,"column":27}},"101":{"start":{"line":216,"column":4},"end":{"line":216,"column":23}},"102":{"start":{"line":221,"column":13},"end":{"line":221,"column":34}},"103":{"start":{"line":222,"column":2},"end":{"line":225,"column":3}},"104":{"start":{"line":223,"column":14},"end":{"line":223,"column":44}},"105":{"start":{"line":224,"column":4},"end":{"line":224,"column":21}},"106":{"start":{"line":229,"column":2},"end":{"line":229,"column":47}},"107":{"start":{"line":232,"column":20},"end":{"line":232,"column":36}},"108":{"start":{"line":233,"column":17},"end":{"line":233,"column":54}},"109":{"start":{"line":233,"column":24},"end":{"line":233,"column":54}},"110":{"start":{"line":236,"column":2},"end":{"line":238,"column":3}},"111":{"start":{"line":237,"column":4},"end":{"line":237,"column":16}},"112":{"start":{"line":239,"column":16},"end":{"line":239,"column":42}},"113":{"start":{"line":240,"column":2},"end":{"line":242,"column":3}},"114":{"start":{"line":241,"column":4},"end":{"line":241,"column":15}},"115":{"start":{"line":244,"column":2},"end":{"line":244,"column":37}}},"fnMap":{"0":{"name":"(anonymous_0)","decl":{"start":{"line":26,"column":2},"end":{"line":26,"column":3}},"loc":{"start":{"line":26,"column":45},"end":{"line":55,"column":3}},"line":26},"1":{"name":"(anonymous_1)","decl":{"start":{"line":57,"column":2},"end":{"line":57,"column":3}},"loc":{"start":{"line":57,"column":22},"end":{"line":67,"column":3}},"line":57},"2":{"name":"(anonymous_2)","decl":{"start":{"line":69,"column":2},"end":{"line":69,"column":3}},"loc":{"start":{"line":69,"column":18},"end":{"line":72,"column":3}},"line":69},"3":{"name":"(anonymous_3)","decl":{"start":{"line":74,"column":2},"end":{"line":74,"column":3}},"loc":{"start":{"line":74,"column":20},"end":{"line":78,"column":3}},"line":74},"4":{"name":"(anonymous_4)","decl":{"start":{"line":80,"column":2},"end":{"line":80,"column":3}},"loc":{"start":{"line":80,"column":26},"end":{"line":114,"column":3}},"line":80},"5":{"name":"(anonymous_5)","decl":{"start":{"line":105,"column":29},"end":{"line":105,"column":30}},"loc":{"start":{"line":105,"column":35},"end":{"line":110,"column":5}},"line":105},"6":{"name":"(anonymous_6)","decl":{"start":{"line":117,"column":2},"end":{"line":117,"column":3}},"loc":{"start":{"line":117,"column":14},"end":{"line":124,"column":3}},"line":117},"7":{"name":"(anonymous_7)","decl":{"start":{"line":127,"column":2},"end":{"line":127,"column":3}},"loc":{"start":{"line":127,"column":24},"end":{"line":137,"column":3}},"line":127},"8":{"name":"(anonymous_8)","decl":{"start":{"line":139,"column":2},"end":{"line":139,"column":3}},"loc":{"start":{"line":139,"column":11},"end":{"line":145,"column":3}},"line":139},"9":{"name":"(anonymous_9)","decl":{"start":{"line":147,"column":2},"end":{"line":147,"column":3}},"loc":{"start":{"line":147,"column":30},"end":{"line":153,"column":3}},"line":147},"10":{"name":"(anonymous_10)","decl":{"start":{"line":155,"column":2},"end":{"line":155,"column":3}},"loc":{"start":{"line":155,"column":13},"end":{"line":160,"column":3}},"line":155},"11":{"name":"attachEvent","decl":{"start":{"line":163,"column":9},"end":{"line":163,"column":20}},"loc":{"start":{"line":163,"column":48},"end":{"line":218,"column":1}},"line":163},"12":{"name":"(anonymous_12)","decl":{"start":{"line":164,"column":14},"end":{"line":164,"column":15}},"loc":{"start":{"line":164,"column":27},"end":{"line":171,"column":3}},"line":164},"13":{"name":"(anonymous_13)","decl":{"start":{"line":173,"column":15},"end":{"line":173,"column":16}},"loc":{"start":{"line":173,"column":28},"end":{"line":197,"column":3}},"line":173},"14":{"name":"(anonymous_14)","decl":{"start":{"line":192,"column":17},"end":{"line":192,"column":18}},"loc":{"start":{"line":192,"column":29},"end":{"line":195,"column":7}},"line":192},"15":{"name":"(anonymous_15)","decl":{"start":{"line":199,"column":17},"end":{"line":199,"column":18}},"loc":{"start":{"line":199,"column":30},"end":{"line":212,"column":3}},"line":199},"16":{"name":"(anonymous_16)","decl":{"start":{"line":214,"column":15},"end":{"line":214,"column":16}},"loc":{"start":{"line":214,"column":28},"end":{"line":217,"column":3}},"line":214},"17":{"name":"log","decl":{"start":{"line":220,"column":9},"end":{"line":220,"column":12}},"loc":{"start":{"line":220,"column":23},"end":{"line":226,"column":1}},"line":220},"18":{"name":"isObjectLike","decl":{"start":{"line":228,"column":9},"end":{"line":228,"column":21}},"loc":{"start":{"line":228,"column":28},"end":{"line":230,"column":1}},"line":228},"19":{"name":"(anonymous_19)","decl":{"start":{"line":233,"column":17},"end":{"line":233,"column":18}},"loc":{"start":{"line":233,"column":24},"end":{"line":233,"column":54}},"line":233},"20":{"name":"isPlainObject","decl":{"start":{"line":235,"column":9},"end":{"line":235,"column":22}},"loc":{"start":{"line":235,"column":29},"end":{"line":245,"column":1}},"line":235}},"branchMap":{"0":{"loc":{"start":{"line":26,"column":31},"end":{"line":26,"column":43}},"type":"default-arg","locations":[{"start":{"line":26,"column":41},"end":{"line":26,"column":43}}],"line":26},"1":{"loc":{"start":{"line":28,"column":4},"end":{"line":31,"column":5}},"type":"if","locations":[{"start":{"line":28,"column":4},"end":{"line":31,"column":5}},{"start":{"line":28,"column":4},"end":{"line":31,"column":5}}],"line":28},"2":{"loc":{"start":{"line":52,"column":4},"end":{"line":54,"column":5}},"type":"if","locations":[{"start":{"line":52,"column":4},"end":{"line":54,"column":5}},{"start":{"line":52,"column":4},"end":{"line":54,"column":5}}],"line":52},"3":{"loc":{"start":{"line":58,"column":4},"end":{"line":58,"column":39}},"type":"if","locations":[{"start":{"line":58,"column":4},"end":{"line":58,"column":39}},{"start":{"line":58,"column":4},"end":{"line":58,"column":39}}],"line":58},"4":{"loc":{"start":{"line":61,"column":6},"end":{"line":65,"column":7}},"type":"if","locations":[{"start":{"line":61,"column":6},"end":{"line":65,"column":7}},{"start":{"line":61,"column":6},"end":{"line":65,"column":7}}],"line":61},"5":{"loc":{"start":{"line":63,"column":13},"end":{"line":65,"column":7}},"type":"if","locations":[{"start":{"line":63,"column":13},"end":{"line":65,"column":7}},{"start":{"line":63,"column":13},"end":{"line":65,"column":7}}],"line":63},"6":{"loc":{"start":{"line":75,"column":4},"end":{"line":77,"column":5}},"type":"if","locations":[{"start":{"line":75,"column":4},"end":{"line":77,"column":5}},{"start":{"line":75,"column":4},"end":{"line":77,"column":5}}],"line":75},"7":{"loc":{"start":{"line":82,"column":4},"end":{"line":82,"column":39}},"type":"if","locations":[{"start":{"line":82,"column":4},"end":{"line":82,"column":39}},{"start":{"line":82,"column":4},"end":{"line":82,"column":39}}],"line":82},"8":{"loc":{"start":{"line":82,"column":8},"end":{"line":82,"column":31}},"type":"binary-expr","locations":[{"start":{"line":82,"column":8},"end":{"line":82,"column":20}},{"start":{"line":82,"column":24},"end":{"line":82,"column":31}}],"line":82},"9":{"loc":{"start":{"line":91,"column":4},"end":{"line":98,"column":5}},"type":"if","locations":[{"start":{"line":91,"column":4},"end":{"line":98,"column":5}},{"start":{"line":91,"column":4},"end":{"line":98,"column":5}}],"line":91},"10":{"loc":{"start":{"line":92,"column":6},"end":{"line":95,"column":18}},"type":"if","locations":[{"start":{"line":92,"column":6},"end":{"line":95,"column":18}},{"start":{"line":92,"column":6},"end":{"line":95,"column":18}}],"line":92},"11":{"loc":{"start":{"line":93,"column":8},"end":{"line":94,"column":58}},"type":"binary-expr","locations":[{"start":{"line":93,"column":8},"end":{"line":93,"column":33}},{"start":{"line":94,"column":8},"end":{"line":94,"column":58}}],"line":93},"12":{"loc":{"start":{"line":118,"column":4},"end":{"line":123,"column":5}},"type":"if","locations":[{"start":{"line":118,"column":4},"end":{"line":123,"column":5}},{"start":{"line":118,"column":4},"end":{"line":123,"column":5}}],"line":118},"13":{"loc":{"start":{"line":128,"column":4},"end":{"line":135,"column":5}},"type":"if","locations":[{"start":{"line":128,"column":4},"end":{"line":135,"column":5}},{"start":{"line":128,"column":4},"end":{"line":135,"column":5}}],"line":128},"14":{"loc":{"start":{"line":131,"column":11},"end":{"line":135,"column":5}},"type":"if","locations":[{"start":{"line":131,"column":11},"end":{"line":135,"column":5}},{"start":{"line":131,"column":11},"end":{"line":135,"column":5}}],"line":131},"15":{"loc":{"start":{"line":147,"column":17},"end":{"line":147,"column":28}},"type":"default-arg","locations":[{"start":{"line":147,"column":24},"end":{"line":147,"column":28}}],"line":147},"16":{"loc":{"start":{"line":148,"column":4},"end":{"line":148,"column":28}},"type":"if","locations":[{"start":{"line":148,"column":4},"end":{"line":148,"column":28}},{"start":{"line":148,"column":4},"end":{"line":148,"column":28}}],"line":148},"17":{"loc":{"start":{"line":150,"column":4},"end":{"line":152,"column":5}},"type":"if","locations":[{"start":{"line":150,"column":4},"end":{"line":152,"column":5}},{"start":{"line":150,"column":4},"end":{"line":152,"column":5}}],"line":150},"18":{"loc":{"start":{"line":156,"column":4},"end":{"line":159,"column":5}},"type":"if","locations":[{"start":{"line":156,"column":4},"end":{"line":159,"column":5}},{"start":{"line":156,"column":4},"end":{"line":159,"column":5}}],"line":156},"19":{"loc":{"start":{"line":176,"column":4},"end":{"line":196,"column":5}},"type":"if","locations":[{"start":{"line":176,"column":4},"end":{"line":196,"column":5}},{"start":{"line":176,"column":4},"end":{"line":196,"column":5}}],"line":176},"20":{"loc":{"start":{"line":178,"column":6},"end":{"line":181,"column":7}},"type":"if","locations":[{"start":{"line":178,"column":6},"end":{"line":181,"column":7}},{"start":{"line":178,"column":6},"end":{"line":181,"column":7}}],"line":178},"21":{"loc":{"start":{"line":184,"column":6},"end":{"line":186,"column":7}},"type":"if","locations":[{"start":{"line":184,"column":6},"end":{"line":186,"column":7}},{"start":{"line":184,"column":6},"end":{"line":186,"column":7}}],"line":184},"22":{"loc":{"start":{"line":184,"column":10},"end":{"line":184,"column":48}},"type":"binary-expr","locations":[{"start":{"line":184,"column":10},"end":{"line":184,"column":27}},{"start":{"line":184,"column":31},"end":{"line":184,"column":48}}],"line":184},"23":{"loc":{"start":{"line":188,"column":6},"end":{"line":188,"column":40}},"type":"if","locations":[{"start":{"line":188,"column":6},"end":{"line":188,"column":40}},{"start":{"line":188,"column":6},"end":{"line":188,"column":40}}],"line":188},"24":{"loc":{"start":{"line":195,"column":9},"end":{"line":195,"column":78}},"type":"cond-expr","locations":[{"start":{"line":195,"column":45},"end":{"line":195,"column":68}},{"start":{"line":195,"column":71},"end":{"line":195,"column":78}}],"line":195},"25":{"loc":{"start":{"line":202,"column":4},"end":{"line":211,"column":5}},"type":"if","locations":[{"start":{"line":202,"column":4},"end":{"line":211,"column":5}},{"start":{"line":202,"column":4},"end":{"line":211,"column":5}}],"line":202},"26":{"loc":{"start":{"line":205,"column":8},"end":{"line":207,"column":9}},"type":"if","locations":[{"start":{"line":205,"column":8},"end":{"line":207,"column":9}},{"start":{"line":205,"column":8},"end":{"line":207,"column":9}}],"line":205},"27":{"loc":{"start":{"line":222,"column":2},"end":{"line":225,"column":3}},"type":"if","locations":[{"start":{"line":222,"column":2},"end":{"line":225,"column":3}},{"start":{"line":222,"column":2},"end":{"line":225,"column":3}}],"line":222},"28":{"loc":{"start":{"line":229,"column":9},"end":{"line":229,"column":47}},"type":"binary-expr","locations":[{"start":{"line":229,"column":9},"end":{"line":229,"column":20}},{"start":{"line":229,"column":24},"end":{"line":229,"column":47}}],"line":229},"29":{"loc":{"start":{"line":236,"column":2},"end":{"line":238,"column":3}},"type":"if","locations":[{"start":{"line":236,"column":2},"end":{"line":238,"column":3}},{"start":{"line":236,"column":2},"end":{"line":238,"column":3}}],"line":236},"30":{"loc":{"start":{"line":236,"column":6},"end":{"line":236,"column":63}},"type":"binary-expr","locations":[{"start":{"line":236,"column":6},"end":{"line":236,"column":24}},{"start":{"line":236,"column":28},"end":{"line":236,"column":63}}],"line":236},"31":{"loc":{"start":{"line":240,"column":2},"end":{"line":242,"column":3}},"type":"if","locations":[{"start":{"line":240,"column":2},"end":{"line":242,"column":3}},{"start":{"line":240,"column":2},"end":{"line":242,"column":3}}],"line":240}},"s":{"0":1,"1":1,"2":1,"3":0,"4":0,"5":1,"6":1,"7":1,"8":1,"9":1,"10":1,"11":1,"12":1,"13":1,"14":1,"15":1,"16":1,"17":0,"18":1,"19":11,"20":1,"21":10,"22":10,"23":0,"24":0,"25":0,"26":0,"27":1,"28":0,"29":1,"30":1,"31":0,"32":0,"33":1,"34":0,"35":0,"36":1,"37":1,"38":1,"39":1,"40":0,"41":0,"42":0,"43":0,"44":1,"45":0,"46":0,"47":0,"48":0,"49":0,"50":0,"51":0,"52":0,"53":0,"54":0,"55":0,"56":0,"57":0,"58":0,"59":0,"60":0,"61":0,"62":0,"63":0,"64":0,"65":0,"66":0,"67":0,"68":1,"69":0,"70":0,"71":0,"72":0,"73":0,"74":0,"75":1,"76":0,"77":0,"78":0,"79":0,"80":0,"81":0,"82":0,"83":0,"84":0,"85":0,"86":0,"87":0,"88":0,"89":0,"90":1,"91":0,"92":0,"93":0,"94":0,"95":0,"96":0,"97":0,"98":0,"99":1,"100":0,"101":0,"102":1,"103":1,"104":0,"105":0,"106":2,"107":1,"108":1,"109":2,"110":2,"111":1,"112":1,"113":1,"114":0,"115":1},"f":{"0":1,"1":1,"2":0,"3":0,"4":1,"5":0,"6":0,"7":0,"8":0,"9":0,"10":0,"11":1,"12":0,"13":0,"14":0,"15":0,"16":0,"17":1,"18":2,"19":2,"20":2},"b":{"0":[0],"1":[0,1],"2":[1,0],"3":[0,1],"4":[1,10],"5":[10,0],"6":[0,0],"7":[0,1],"8":[1,1],"9":[0,1],"10":[0,0],"11":[0,0],"12":[0,0],"13":[0,0],"14":[0,0],"15":[0],"16":[0,0],"17":[0,0],"18":[0,0],"19":[0,0],"20":[0,0],"21":[0,0],"22":[0,0],"23":[0,0],"24":[0,0],"25":[0,0],"26":[0,0],"27":[0,1],"28":[2,2],"29":[1,1],"30":[2,2],"31":[0,1]},"_coverageSchema":"332fd63041d2c1bcb487cc26dd0d5f7d97098a6c","hash":"a5a3e13d175d7ab964a8b9eeb47e7225c83656f2"}
}
