TN:
SF:/Users/wanglei/platform/workspace/websocket/src/event.js
FN:2,(anonymous_0)
FN:14,(anonymous_1)
FN:25,(anonymous_2)
FN:36,(anonymous_3)
FN:40,(anonymous_4)
FN:53,(anonymous_5)
FN:63,(anonymous_6)
FN:67,(anonymous_7)
FN:77,(anonymous_8)
FN:79,(anonymous_9)
FN:102,eventsApi
FN:107,(anonymous_11)
FN:123,(anonymous_12)
FN:124,(anonymous_13)
FN:131,(anonymous_14)
FN:132,(anonymous_15)
FN:142,eventsPauseApi
FN:145,(anonymous_17)
FN:162,eventsOnApi
FN:164,(anonymous_19)
FNF:20
FNH:20
FNDA:8,(anonymous_0)
FNDA:25,(anonymous_1)
FNDA:4,(anonymous_2)
FNDA:10,(anonymous_3)
FNDA:12,(anonymous_4)
FNDA:5,(anonymous_5)
FNDA:6,(anonymous_6)
FNDA:29,(anonymous_7)
FNDA:42,(anonymous_8)
FNDA:52,(anonymous_9)
FNDA:21,eventsApi
FNDA:19,(anonymous_11)
FNDA:12,(anonymous_12)
FNDA:19,(anonymous_13)
FNDA:5,(anonymous_14)
FNDA:6,(anonymous_15)
FNDA:11,eventsPauseApi
FNDA:24,(anonymous_17)
FNDA:29,eventsOnApi
FNDA:25,(anonymous_19)
DA:3,8
DA:4,8
DA:15,25
DA:26,4
DA:37,10
DA:38,10
DA:39,14
DA:40,14
DA:41,12
DA:44,10
DA:54,5
DA:64,6
DA:68,29
DA:69,29
DA:70,28
DA:71,28
DA:72,28
DA:73,28
DA:74,6
DA:77,28
DA:78,42
DA:79,41
DA:80,52
DA:81,4
DA:82,4
DA:83,48
DA:84,33
DA:90,28
DA:103,21
DA:106,21
DA:107,17
DA:108,19
DA:109,18
DA:113,4
DA:114,15
DA:118,21
DA:120,21
DA:122,20
DA:123,10
DA:124,12
DA:125,19
DA:130,20
DA:131,4
DA:132,5
DA:133,6
DA:138,20
DA:143,11
DA:144,11
DA:145,19
DA:146,24
DA:150,11
DA:163,29
DA:164,25
DA:165,25
DA:166,25
DA:172,25
DA:174,25
LF:57
LH:57
BRDA:69,0,0,1
BRDA:69,0,1,28
BRDA:69,1,0,29
BRDA:69,1,1,28
BRDA:78,2,0,41
BRDA:78,2,1,1
BRDA:78,3,0,42
BRDA:78,3,1,42
BRDA:80,4,0,4
BRDA:80,4,1,48
BRDA:83,5,0,33
BRDA:83,5,1,15
BRDA:106,6,0,17
BRDA:106,6,1,4
BRDA:108,7,0,18
BRDA:108,7,1,1
BRDA:108,8,0,19
BRDA:108,8,1,19
BRDA:120,9,0,1
BRDA:120,9,1,20
BRDA:122,10,0,10
BRDA:122,10,1,10
BRDA:122,11,0,20
BRDA:122,11,1,10
BRDA:130,12,0,4
BRDA:130,12,1,16
BRDA:163,13,0,4
BRDA:163,13,1,25
BRDA:163,14,0,29
BRDA:163,14,1,28
BRDA:163,14,2,25
BRDA:165,15,0,25
BRDA:165,15,1,18
BRDA:168,16,0,25
BRDA:168,16,1,19
BRF:35
BRH:35
end_of_record
TN:
SF:/Users/wanglei/platform/workspace/websocket/src/index.js
FN:26,(anonymous_0)
FN:57,(anonymous_1)
FN:69,(anonymous_2)
FN:74,(anonymous_3)
FN:80,(anonymous_4)
FN:105,(anonymous_5)
FN:117,(anonymous_6)
FN:127,(anonymous_7)
FN:139,(anonymous_8)
FN:147,(anonymous_9)
FN:155,(anonymous_10)
FN:163,attachEvent
FN:164,(anonymous_12)
FN:173,(anonymous_13)
FN:192,(anonymous_14)
FN:199,(anonymous_15)
FN:214,(anonymous_16)
FN:220,log
FN:228,isObjectLike
FN:233,(anonymous_19)
FN:235,isPlainObject
FNF:21
FNH:8
FNDA:1,(anonymous_0)
FNDA:1,(anonymous_1)
FNDA:0,(anonymous_2)
FNDA:0,(anonymous_3)
FNDA:1,(anonymous_4)
FNDA:0,(anonymous_5)
FNDA:0,(anonymous_6)
FNDA:0,(anonymous_7)
FNDA:0,(anonymous_8)
FNDA:0,(anonymous_9)
FNDA:0,(anonymous_10)
FNDA:1,attachEvent
FNDA:0,(anonymous_12)
FNDA:0,(anonymous_13)
FNDA:0,(anonymous_14)
FNDA:0,(anonymous_15)
FNDA:0,(anonymous_16)
FNDA:1,log
FNDA:2,isObjectLike
FNDA:2,(anonymous_19)
FNDA:2,isPlainObject
DA:3,1
DA:27,1
DA:28,1
DA:29,0
DA:30,0
DA:33,1
DA:35,1
DA:37,1
DA:39,1
DA:41,1
DA:43,1
DA:45,1
DA:47,1
DA:49,1
DA:52,1
DA:53,1
DA:58,1
DA:60,1
DA:61,11
DA:62,1
DA:63,10
DA:64,10
DA:70,0
DA:71,0
DA:75,0
DA:76,0
DA:82,1
DA:83,1
DA:84,1
DA:86,0
DA:87,0
DA:91,1
DA:92,0
DA:95,0
DA:97,1
DA:101,1
DA:102,1
DA:105,1
DA:106,0
DA:107,0
DA:108,0
DA:109,0
DA:113,1
DA:118,0
DA:119,0
DA:120,0
DA:122,0
DA:128,0
DA:129,0
DA:130,0
DA:131,0
DA:133,0
DA:134,0
DA:136,0
DA:140,0
DA:141,0
DA:142,0
DA:144,0
DA:148,0
DA:149,0
DA:150,0
DA:151,0
DA:156,0
DA:157,0
DA:158,0
DA:164,1
DA:165,0
DA:166,0
DA:167,0
DA:168,0
DA:169,0
DA:170,0
DA:173,1
DA:174,0
DA:175,0
DA:176,0
DA:177,0
DA:178,0
DA:180,0
DA:184,0
DA:185,0
DA:188,0
DA:191,0
DA:192,0
DA:193,0
DA:194,0
DA:199,1
DA:200,0
DA:201,0
DA:202,0
DA:203,0
DA:204,0
DA:205,0
DA:206,0
DA:209,0
DA:214,1
DA:215,0
DA:216,0
DA:221,1
DA:222,1
DA:223,0
DA:224,0
DA:229,2
DA:232,1
DA:233,2
DA:236,2
DA:237,1
DA:239,1
DA:240,1
DA:241,0
DA:244,1
LF:111
LH:43
BRDA:26,0,0,0
BRDA:28,1,0,0
BRDA:28,1,1,1
BRDA:52,2,0,1
BRDA:52,2,1,0
BRDA:58,3,0,0
BRDA:58,3,1,1
BRDA:61,4,0,1
BRDA:61,4,1,10
BRDA:63,5,0,10
BRDA:63,5,1,0
BRDA:75,6,0,0
BRDA:75,6,1,0
BRDA:82,7,0,0
BRDA:82,7,1,1
BRDA:82,8,0,1
BRDA:82,8,1,1
BRDA:91,9,0,0
BRDA:91,9,1,1
BRDA:92,10,0,0
BRDA:92,10,1,0
BRDA:93,11,0,0
BRDA:93,11,1,0
BRDA:118,12,0,0
BRDA:118,12,1,0
BRDA:128,13,0,0
BRDA:128,13,1,0
BRDA:131,14,0,0
BRDA:131,14,1,0
BRDA:147,15,0,0
BRDA:148,16,0,0
BRDA:148,16,1,0
BRDA:150,17,0,0
BRDA:150,17,1,0
BRDA:156,18,0,0
BRDA:156,18,1,0
BRDA:176,19,0,0
BRDA:176,19,1,0
BRDA:178,20,0,0
BRDA:178,20,1,0
BRDA:184,21,0,0
BRDA:184,21,1,0
BRDA:184,22,0,0
BRDA:184,22,1,0
BRDA:188,23,0,0
BRDA:188,23,1,0
BRDA:195,24,0,0
BRDA:195,24,1,0
BRDA:202,25,0,0
BRDA:202,25,1,0
BRDA:205,26,0,0
BRDA:205,26,1,0
BRDA:222,27,0,0
BRDA:222,27,1,1
BRDA:229,28,0,2
BRDA:229,28,1,2
BRDA:236,29,0,1
BRDA:236,29,1,1
BRDA:236,30,0,2
BRDA:236,30,1,2
BRDA:240,31,0,0
BRDA:240,31,1,1
BRF:62
BRH:18
end_of_record
